2026-06-14 01:08:24  === update 시작 ===
2026-06-14 01:08:57    fetch_prices.py: [OK] C:\Users\namdh\OneDrive\Desktop\krx_heatmap\data\all_stocks.json  ·  전 종목 2581개  ·  2026-06-14
2026-06-14 01:08:57    build_sectors.py:      Tier2 6개 · Tier1 27개
2026-06-14 01:08:58    build_site.py:      페이지: index + 6 + style.css + robots + sitemap
2026-06-14 01:08:58  === update 완료 ===
2026-06-14 01:12:17  === update 시작 ===
2026-06-14 01:12:51    fetch_prices.py: [OK] C:\Users\namdh\OneDrive\Desktop\krx_heatmap\data\all_stocks.json  ·  전 종목 2581개  ·  2026-06-14
2026-06-14 01:12:51    build_sectors.py:      Tier2 6개 · Tier1 27개
2026-06-14 01:12:51    build_site.py:      페이지: index + 6 + style.css + robots + sitemap
2026-06-14 01:12:51  === update 완료 ===
2026-06-14 20:21:51  === update 시작 ===
2026-06-14 20:22:28    fetch_prices.py: [OK] C:\Users\namdh\OneDrive\Desktop\krx_heatmap\data\all_stocks.json  ·  전 종목 2581개  ·  2026-06-14
2026-06-14 20:22:28    build_sectors.py:      Tier2 6개 · Tier1 27개
2026-06-14 20:22:51    fetch_theme_news.py: [OK] C:\Users\namdh\OneDrive\Desktop\krx_heatmap\data\theme_news.json  ·  뉴스 있는 테마 27개 · 헤드라인 총 61개
2026-06-14 20:22:56    fetch_market.py: market_indicators.json 저장: 6개
2026-06-14 20:22:56    build_site.py:      페이지: index + 6 + style.css + robots + sitemap
2026-06-14 20:22:56    ! push_kv.py 실패(rc=1): [push_kv] 비밀 파일 없음: C:\Users\namdh\.ollashu_kv.json
2026-06-14 20:22:56  === update 완료 ===
2026-06-14 20:27:44  === update 시작 ===
2026-06-14 20:28:18    fetch_prices.py: [OK] C:\Users\namdh\OneDrive\Desktop\krx_heatmap\data\all_stocks.json  ·  전 종목 2581개  ·  2026-06-14
2026-06-14 20:28:18    build_sectors.py:      Tier2 6개 · Tier1 27개
2026-06-14 20:28:18    뉴스 최신(2h 이내) — 수집 생략
2026-06-14 20:28:23    fetch_market.py: market_indicators.json 저장: 6개
2026-06-14 20:28:24    build_site.py:      페이지: index + 6 + style.css + robots + sitemap
2026-06-14 20:28:24    ! push_kv.py 실패(rc=1): [push_kv] KV 업로드 실패: HTTP Error 401: Unauthorized
2026-06-14 20:28:24  === update 완료 ===
2026-06-14 20:37:18  === update 시작 ===
2026-06-14 20:37:53    fetch_prices.py: [OK] C:\Users\namdh\OneDrive\Desktop\krx_heatmap\data\all_stocks.json  ·  전 종목 2581개  ·  2026-06-14
2026-06-14 20:37:53    build_sectors.py:      Tier2 6개 · Tier1 27개
2026-06-14 20:37:53    뉴스 최신(2h 이내) — 수집 생략
2026-06-14 20:37:57    fetch_market.py: market_indicators.json 저장: 6개
2026-06-14 20:37:58    build_site.py:      페이지: index + 6 + style.css + robots + sitemap
2026-06-14 20:37:59    push_kv.py: [push_kv] KV 업로드 OK (195093 bytes, http 200)
2026-06-14 20:37:59  === update 완료 ===
2026-06-14 20:50:31  === update 시작 ===
2026-06-14 20:51:05    fetch_prices.py: [OK] C:\Users\namdh\OneDrive\Desktop\krx_heatmap\data\all_stocks.json  ·  전 종목 2581개  ·  2026-06-14
2026-06-14 20:51:05    build_sectors.py:      Tier2 6개 · Tier1 27개
2026-06-14 20:51:05    뉴스 최신(2h 이내) — 수집 생략
2026-06-14 20:51:10    fetch_market.py: market_indicators.json 저장: 6개
2026-06-14 20:51:10    build_site.py:      페이지: index + 6 + style.css + robots + sitemap
2026-06-14 20:51:11    push_kv.py: [push_kv] KV 업로드 OK (195094 bytes, http 200)
2026-06-14 20:51:11  === update 완료 ===
2026-06-15 06:32:01  === update 시작 ===
2026-06-15 06:32:01    ! fetch_prices.py 실패(rc=1): ModuleNotFoundError: No module named 'bs4'
2026-06-15 06:32:01  === 중단(단계 실패) ===
2026-06-15 06:34:10  === update 시작 ===
2026-06-15 06:34:43    fetch_prices.py: [OK] C:\Users\namdh\OneDrive\Desktop\krx_heatmap\data\all_stocks.json  ·  전 종목 2581개  ·  2026-06-15
2026-06-15 06:34:43    build_sectors.py:      Tier2 6개 · Tier1 27개
2026-06-15 06:35:06    fetch_theme_news.py: [OK] C:\Users\namdh\OneDrive\Desktop\krx_heatmap\data\theme_news.json  ·  뉴스 있는 테마 21개 · 헤드라인 총 44개
2026-06-15 06:35:11    fetch_market.py: market_indicators.json 저장: 6개
2026-06-15 06:35:11    build_site.py:      페이지: index + 6 + style.css + robots + sitemap
2026-06-15 06:35:12    push_kv.py: [push_kv] KV 업로드 OK (70110 bytes, http 200)
2026-06-15 06:35:12  === update 완료 ===
2026-06-15 08:00:00  === update 시작 ===
2026-06-15 08:00:36    fetch_prices.py: [OK] C:\Users\namdh\OneDrive\Desktop\krx_heatmap\data\all_stocks.json  ·  전 종목 2581개  ·  2026-06-15
2026-06-15 08:00:36    build_sectors.py:      Tier2 6개 · Tier1 27개
2026-06-15 08:00:36    뉴스 최신(2h 이내) — 수집 생략
2026-06-15 08:00:41    fetch_market.py: market_indicators.json 저장: 6개
2026-06-15 08:00:41    build_site.py:      페이지: index + 6 + style.css + robots + sitemap
2026-06-15 08:00:42    push_kv.py: [push_kv] KV 업로드 OK (70107 bytes, http 200)
2026-06-15 08:00:42  === update 완료 ===
2026-06-15 08:10:01  === update 시작 ===
2026-06-15 08:10:35    fetch_prices.py: [OK] C:\Users\namdh\OneDrive\Desktop\krx_heatmap\data\all_stocks.json  ·  전 종목 2581개  ·  2026-06-15
2026-06-15 08:10:35    build_sectors.py:      Tier2 0개 · Tier1 0개
2026-06-15 08:10:35    뉴스 최신(2h 이내) — 수집 생략
2026-06-15 08:10:40    fetch_market.py: market_indicators.json 저장: 6개
2026-06-15 08:10:40    build_site.py:      페이지: index + 6 + style.css + robots + sitemap
2026-06-15 08:10:41    push_kv.py: [push_kv] KV 업로드 OK (772 bytes, http 200)
2026-06-15 08:10:41  === update 완료 ===
2026-06-15 08:20:01  === update 시작 ===
2026-06-15 08:20:35    fetch_prices.py: [OK] C:\Users\namdh\OneDrive\Desktop\krx_heatmap\data\all_stocks.json  ·  전 종목 2581개  ·  2026-06-15
2026-06-15 08:20:35    build_sectors.py:      Tier2 0개 · Tier1 0개
2026-06-15 08:20:35    뉴스 최신(2h 이내) — 수집 생략
2026-06-15 08:20:39    fetch_market.py: market_indicators.json 저장: 6개
2026-06-15 08:20:40    build_site.py:      페이지: index + 6 + style.css + robots + sitemap
2026-06-15 08:20:40    push_kv.py: [push_kv] KV 업로드 OK (770 bytes, http 200)
2026-06-15 08:20:40  === update 완료 ===
2026-06-15 08:30:01  === update 시작 ===
2026-06-15 08:30:35    fetch_prices.py: [OK] C:\Users\namdh\OneDrive\Desktop\krx_heatmap\data\all_stocks.json  ·  전 종목 2581개  ·  2026-06-15
2026-06-15 08:30:35    build_sectors.py:      Tier2 0개 · Tier1 0개
2026-06-15 08:30:35    뉴스 최신(2h 이내) — 수집 생략
2026-06-15 08:30:40    fetch_market.py: market_indicators.json 저장: 6개
2026-06-15 08:30:40    build_site.py:      페이지: index + 6 + style.css + robots + sitemap
2026-06-15 08:30:41    push_kv.py: [push_kv] KV 업로드 OK (772 bytes, http 200)
2026-06-15 08:30:41  === update 완료 ===
2026-06-15 08:40:01  === update 시작 ===
2026-06-15 08:40:35    fetch_prices.py: [OK] C:\Users\namdh\OneDrive\Desktop\krx_heatmap\data\all_stocks.json  ·  전 종목 2581개  ·  2026-06-15
2026-06-15 08:40:35    build_sectors.py:      Tier2 0개 · Tier1 0개
2026-06-15 08:40:35    fetch_theme_news.py: [OK] C:\Users\namdh\OneDrive\Desktop\krx_heatmap\data\theme_news.json  ·  뉴스 있는 테마 0개 · 헤드라인 총 0개
2026-06-15 08:40:40    fetch_market.py: market_indicators.json 저장: 6개
2026-06-15 08:40:40    build_site.py:      페이지: index + 6 + style.css + robots + sitemap
2026-06-15 08:40:41    push_kv.py: [push_kv] KV 업로드 OK (769 bytes, http 200)
2026-06-15 08:40:41  === update 완료 ===
2026-06-15 08:50:01  === update 시작 ===
2026-06-15 08:50:35    fetch_prices.py: [OK] C:\Users\namdh\OneDrive\Desktop\krx_heatmap\data\all_stocks.json  ·  전 종목 2581개  ·  2026-06-15
2026-06-15 08:50:35    build_sectors.py:      Tier2 0개 · Tier1 0개
2026-06-15 08:50:35    뉴스 최신(2h 이내) — 수집 생략
2026-06-15 08:50:40    fetch_market.py: market_indicators.json 저장: 6개
2026-06-15 08:50:40    build_site.py:      페이지: index + 6 + style.css + robots + sitemap
2026-06-15 08:50:41    push_kv.py: [push_kv] KV 업로드 OK (771 bytes, http 200)
2026-06-15 08:50:41  === update 완료 ===
2026-06-15 09:00:01  === update 시작 ===
2026-06-15 09:00:35    fetch_prices.py: [OK] C:\Users\namdh\OneDrive\Desktop\krx_heatmap\data\all_stocks.json  ·  전 종목 2581개  ·  2026-06-15
2026-06-15 09:00:36    build_sectors.py:      Tier2 0개 · Tier1 0개
2026-06-15 09:00:36    뉴스 최신(2h 이내) — 수집 생략
2026-06-15 09:00:40    fetch_market.py: market_indicators.json 저장: 6개
2026-06-15 09:00:40    build_site.py:      페이지: index + 6 + style.css + robots + sitemap
2026-06-15 09:00:41    push_kv.py: [push_kv] KV 업로드 OK (1744 bytes, http 200)
2026-06-15 09:00:41  === update 완료 ===
2026-06-15 09:10:01  === update 시작 ===
2026-06-15 09:10:36    fetch_prices.py: [OK] C:\Users\namdh\OneDrive\Desktop\krx_heatmap\data\all_stocks.json  ·  전 종목 2581개  ·  2026-06-15
2026-06-15 09:10:36    build_sectors.py:      Tier2 3개 · Tier1 4개
2026-06-15 09:10:36    뉴스 최신(2h 이내) — 수집 생략
2026-06-15 09:10:41    fetch_market.py: market_indicators.json 저장: 6개
2026-06-15 09:10:41    build_site.py:      페이지: index + 6 + style.css + robots + sitemap
2026-06-15 09:10:42    push_kv.py: [push_kv] KV 업로드 OK (58082 bytes, http 200)
2026-06-15 09:10:42  === update 완료 ===
2026-06-15 09:20:01  === update 시작 ===
2026-06-15 09:20:36    fetch_prices.py: [OK] C:\Users\namdh\OneDrive\Desktop\krx_heatmap\data\all_stocks.json  ·  전 종목 2581개  ·  2026-06-15
2026-06-15 09:20:36    build_sectors.py:      Tier2 3개 · Tier1 3개
2026-06-15 09:20:36    뉴스 최신(2h 이내) — 수집 생략
2026-06-15 09:20:40    fetch_market.py: market_indicators.json 저장: 6개
2026-06-15 09:20:40    build_site.py:      페이지: index + 6 + style.css + robots + sitemap
2026-06-15 09:20:41    push_kv.py: [push_kv] KV 업로드 OK (58271 bytes, http 200)
2026-06-15 09:20:41  === update 완료 ===
2026-06-15 09:30:01  === update 시작 ===
2026-06-15 09:30:35    fetch_prices.py: [OK] C:\Users\namdh\OneDrive\Desktop\krx_heatmap\data\all_stocks.json  ·  전 종목 2581개  ·  2026-06-15
2026-06-15 09:30:35    build_sectors.py:      Tier2 3개 · Tier1 8개
2026-06-15 09:30:35    뉴스 최신(2h 이내) — 수집 생략
2026-06-15 09:30:40    fetch_market.py: market_indicators.json 저장: 6개
2026-06-15 09:30:40    build_site.py:      페이지: index + 6 + style.css + robots + sitemap
2026-06-15 09:30:41    push_kv.py: [push_kv] KV 업로드 OK (58696 bytes, http 200)
2026-06-15 09:30:41  === update 완료 ===
2026-06-15 09:40:01  === update 시작 ===
2026-06-15 09:40:36    fetch_prices.py: [OK] C:\Users\namdh\OneDrive\Desktop\krx_heatmap\data\all_stocks.json  ·  전 종목 2581개  ·  2026-06-15
2026-06-15 09:40:36    build_sectors.py:      Tier2 3개 · Tier1 7개
2026-06-15 09:40:36    뉴스 최신(2h 이내) — 수집 생략
2026-06-15 09:40:41    fetch_market.py: market_indicators.json 저장: 6개
2026-06-15 09:40:41    build_site.py:      페이지: index + 6 + style.css + robots + sitemap
2026-06-15 09:40:42    push_kv.py: [push_kv] KV 업로드 OK (58855 bytes, http 200)
2026-06-15 09:40:42  === update 완료 ===
2026-06-15 09:50:01  === update 시작 ===
2026-06-15 09:50:36    fetch_prices.py: [OK] C:\Users\namdh\OneDrive\Desktop\krx_heatmap\data\all_stocks.json  ·  전 종목 2581개  ·  2026-06-15
2026-06-15 09:50:36    build_sectors.py:      Tier2 3개 · Tier1 6개
2026-06-15 09:50:36    뉴스 최신(2h 이내) — 수집 생략
2026-06-15 09:50:40    fetch_market.py: market_indicators.json 저장: 6개
2026-06-15 09:50:41    build_site.py:      페이지: index + 6 + style.css + robots + sitemap
2026-06-15 09:50:42    push_kv.py: [push_kv] KV 업로드 OK (57680 bytes, http 200)
2026-06-15 09:50:42  === update 완료 ===
2026-06-15 10:00:00  === update 시작 ===
2026-06-15 10:00:35    fetch_prices.py: [OK] C:\Users\namdh\OneDrive\Desktop\krx_heatmap\data\all_stocks.json  ·  전 종목 2581개  ·  2026-06-15
2026-06-15 10:00:35    build_sectors.py:      Tier2 3개 · Tier1 7개
2026-06-15 10:00:35    뉴스 최신(2h 이내) — 수집 생략
2026-06-15 10:00:40    fetch_market.py: market_indicators.json 저장: 6개
2026-06-15 10:00:40    build_site.py:      페이지: index + 6 + style.css + robots + sitemap
2026-06-15 10:00:41    push_kv.py: [push_kv] KV 업로드 OK (57851 bytes, http 200)
2026-06-15 10:00:41  === update 완료 ===
2026-06-15 10:30:01  === update 시작 ===
2026-06-15 10:30:36    fetch_prices.py: [OK] C:\Users\namdh\OneDrive\Desktop\krx_heatmap\data\all_stocks.json  ·  전 종목 2581개  ·  2026-06-15
2026-06-15 10:30:36    build_sectors.py:      Tier2 3개 · Tier1 5개
2026-06-15 10:30:36    뉴스 최신(2h 이내) — 수집 생략
2026-06-15 10:30:41    fetch_market.py: market_indicators.json 저장: 6개
2026-06-15 10:30:41    build_site.py:      페이지: index + 6 + style.css + robots + sitemap
2026-06-15 10:30:42    push_kv.py: [push_kv] KV 업로드 OK (59366 bytes, http 200)
2026-06-15 10:30:42  === update 완료 ===
2026-06-15 11:00:01  === update 시작 ===
2026-06-15 11:00:35    fetch_prices.py: [OK] C:\Users\namdh\OneDrive\Desktop\krx_heatmap\data\all_stocks.json  ·  전 종목 2581개  ·  2026-06-15
2026-06-15 11:00:35    build_sectors.py:      Tier2 3개 · Tier1 4개
2026-06-15 11:00:40    fetch_theme_news.py: [OK] C:\Users\namdh\OneDrive\Desktop\krx_heatmap\data\theme_news.json  ·  뉴스 있는 테마 7개 · 헤드라인 총 18개
2026-06-15 11:00:45    fetch_market.py: market_indicators.json 저장: 6개
2026-06-15 11:00:45    build_site.py:      페이지: index + 6 + style.css + robots + sitemap
2026-06-15 11:00:46    push_kv.py: [push_kv] KV 업로드 OK (58899 bytes, http 200)
2026-06-15 11:00:46  === update 완료 ===
2026-06-15 11:30:01  === update 시작 ===
2026-06-15 11:30:35    fetch_prices.py: [OK] C:\Users\namdh\OneDrive\Desktop\krx_heatmap\data\all_stocks.json  ·  전 종목 2581개  ·  2026-06-15
2026-06-15 11:30:35    build_sectors.py:      Tier2 3개 · Tier1 6개
2026-06-15 11:30:35    뉴스 최신(2h 이내) — 수집 생략
2026-06-15 11:30:40    fetch_market.py: market_indicators.json 저장: 6개
2026-06-15 11:30:40    build_site.py:      페이지: index + 6 + style.css + robots + sitemap
2026-06-15 11:30:41    push_kv.py: [push_kv] KV 업로드 OK (60722 bytes, http 200)
2026-06-15 11:30:41  === update 완료 ===
2026-06-15 12:00:01  === update 시작 ===
2026-06-15 12:00:35    fetch_prices.py: [OK] C:\Users\namdh\OneDrive\Desktop\krx_heatmap\data\all_stocks.json  ·  전 종목 2581개  ·  2026-06-15
2026-06-15 12:00:35    build_sectors.py:      Tier2 3개 · Tier1 9개
2026-06-15 12:00:35    뉴스 최신(2h 이내) — 수집 생략
2026-06-15 12:00:40    fetch_market.py: market_indicators.json 저장: 6개
2026-06-15 12:00:40    build_site.py:      페이지: index + 6 + style.css + robots + sitemap
2026-06-15 12:00:41    push_kv.py: [push_kv] KV 업로드 OK (61701 bytes, http 200)
2026-06-15 12:00:41  === update 완료 ===
2026-06-15 12:30:01  === update 시작 ===
2026-06-15 12:30:35    fetch_prices.py: [OK] C:\Users\namdh\OneDrive\Desktop\krx_heatmap\data\all_stocks.json  ·  전 종목 2581개  ·  2026-06-15
2026-06-15 12:30:35    build_sectors.py:      Tier2 4개 · Tier1 10개
2026-06-15 12:30:35    뉴스 최신(2h 이내) — 수집 생략
2026-06-15 12:30:40    fetch_market.py: market_indicators.json 저장: 6개
2026-06-15 12:30:40    build_site.py:      페이지: index + 6 + style.css + robots + sitemap
2026-06-15 12:30:41    push_kv.py: [push_kv] KV 업로드 OK (62162 bytes, http 200)
2026-06-15 12:30:41  === update 완료 ===
2026-06-15 13:00:01  === update 시작 ===
2026-06-15 13:00:35    fetch_prices.py: [OK] C:\Users\namdh\OneDrive\Desktop\krx_heatmap\data\all_stocks.json  ·  전 종목 2581개  ·  2026-06-15
2026-06-15 13:00:35    build_sectors.py:      Tier2 3개 · Tier1 11개
2026-06-15 13:00:35    뉴스 최신(2h 이내) — 수집 생략
2026-06-15 13:00:40    fetch_market.py: market_indicators.json 저장: 6개
2026-06-15 13:00:40    build_site.py:      페이지: index + 6 + style.css + robots + sitemap
2026-06-15 13:00:41    push_kv.py: [push_kv] KV 업로드 OK (59639 bytes, http 200)
2026-06-15 13:00:41  === update 완료 ===
2026-06-15 13:30:01  === update 시작 ===
2026-06-15 13:30:35    fetch_prices.py: [OK] C:\Users\namdh\OneDrive\Desktop\krx_heatmap\data\all_stocks.json  ·  전 종목 2581개  ·  2026-06-15
2026-06-15 13:30:35    build_sectors.py:      Tier2 3개 · Tier1 13개
2026-06-15 13:30:47    fetch_theme_news.py: [OK] C:\Users\namdh\OneDrive\Desktop\krx_heatmap\data\theme_news.json  ·  뉴스 있는 테마 15개 · 헤드라인 총 35개
2026-06-15 13:30:52    fetch_market.py: market_indicators.json 저장: 6개
2026-06-15 13:30:52    build_site.py:      페이지: index + 6 + style.css + robots + sitemap
2026-06-15 13:30:53    push_kv.py: [push_kv] KV 업로드 OK (62012 bytes, http 200)
2026-06-15 13:30:53  === update 완료 ===
2026-06-15 14:00:01  === update 시작 ===
2026-06-15 14:00:35    fetch_prices.py: [OK] C:\Users\namdh\OneDrive\Desktop\krx_heatmap\data\all_stocks.json  ·  전 종목 2581개  ·  2026-06-15
2026-06-15 14:00:35    build_sectors.py:      Tier2 3개 · Tier1 11개
2026-06-15 14:00:35    뉴스 최신(2h 이내) — 수집 생략
2026-06-15 14:00:40    fetch_market.py: market_indicators.json 저장: 6개
2026-06-15 14:00:40    build_site.py:      페이지: index + 6 + style.css + robots + sitemap
2026-06-15 14:00:41    push_kv.py: [push_kv] KV 업로드 OK (62673 bytes, http 200)
2026-06-15 14:00:41  === update 완료 ===
2026-06-15 14:30:01  === update 시작 ===
2026-06-15 14:30:35    fetch_prices.py: [OK] C:\Users\namdh\OneDrive\Desktop\krx_heatmap\data\all_stocks.json  ·  전 종목 2581개  ·  2026-06-15
2026-06-15 14:30:35    build_sectors.py:      Tier2 3개 · Tier1 14개
2026-06-15 14:30:35    뉴스 최신(2h 이내) — 수집 생략
2026-06-15 14:30:40    fetch_market.py: market_indicators.json 저장: 6개
2026-06-15 14:30:40    build_site.py:      페이지: index + 6 + style.css + robots + sitemap
2026-06-15 14:30:41    push_kv.py: [push_kv] KV 업로드 OK (61903 bytes, http 200)
2026-06-15 14:30:41  === update 완료 ===
2026-06-15 15:00:01  === update 시작 ===
2026-06-15 15:00:35    fetch_prices.py: [OK] C:\Users\namdh\OneDrive\Desktop\krx_heatmap\data\all_stocks.json  ·  전 종목 2581개  ·  2026-06-15
2026-06-15 15:00:35    build_sectors.py:      Tier2 3개 · Tier1 12개
2026-06-15 15:00:35    뉴스 최신(2h 이내) — 수집 생략
2026-06-15 15:00:40    fetch_market.py: market_indicators.json 저장: 6개
2026-06-15 15:00:40    build_site.py:      페이지: index + 6 + style.css + robots + sitemap
2026-06-15 15:00:41    push_kv.py: [push_kv] KV 업로드 OK (62479 bytes, http 200)
2026-06-15 15:00:41  === update 완료 ===
2026-06-15 15:30:01  === update 시작 ===
2026-06-15 15:30:35    fetch_prices.py: [OK] C:\Users\namdh\OneDrive\Desktop\krx_heatmap\data\all_stocks.json  ·  전 종목 2581개  ·  2026-06-15
2026-06-15 15:30:35    build_sectors.py:      Tier2 3개 · Tier1 13개
2026-06-15 15:30:35    뉴스 최신(2h 이내) — 수집 생략
2026-06-15 15:30:40    fetch_market.py: market_indicators.json 저장: 6개
2026-06-15 15:30:40    build_site.py:      페이지: index + 6 + style.css + robots + sitemap
2026-06-15 15:30:41    push_kv.py: [push_kv] KV 업로드 OK (62556 bytes, http 200)
2026-06-15 15:30:41  === update 완료 ===
2026-06-15 16:00:01  === update 시작 ===
2026-06-15 16:00:35    fetch_prices.py: [OK] C:\Users\namdh\OneDrive\Desktop\krx_heatmap\data\all_stocks.json  ·  전 종목 2581개  ·  2026-06-15
2026-06-15 16:00:35    build_sectors.py:      Tier2 3개 · Tier1 15개
2026-06-15 16:00:48    fetch_theme_news.py: [OK] C:\Users\namdh\OneDrive\Desktop\krx_heatmap\data\theme_news.json  ·  뉴스 있는 테마 17개 · 헤드라인 총 35개
2026-06-15 16:00:53    fetch_market.py: market_indicators.json 저장: 6개
2026-06-15 16:00:53    build_site.py:      페이지: index + 6 + style.css + robots + sitemap
2026-06-15 16:00:54    push_kv.py: [push_kv] KV 업로드 OK (62545 bytes, http 200)
2026-06-15 16:00:54  === update 완료 ===
2026-06-15 16:30:01  === update 시작 ===
2026-06-15 16:30:35    fetch_prices.py: [OK] C:\Users\namdh\OneDrive\Desktop\krx_heatmap\data\all_stocks.json  ·  전 종목 2581개  ·  2026-06-15
2026-06-15 16:30:35    build_sectors.py:      Tier2 3개 · Tier1 15개
2026-06-15 16:30:35    뉴스 최신(2h 이내) — 수집 생략
2026-06-15 16:30:41    fetch_market.py: market_indicators.json 저장: 6개
2026-06-15 16:30:41    build_site.py:      페이지: index + 6 + style.css + robots + sitemap
2026-06-15 16:30:42    push_kv.py: [push_kv] KV 업로드 OK (62545 bytes, http 200)
2026-06-15 16:30:42  === update 완료 ===
2026-06-15 17:00:01  === update 시작 ===
2026-06-15 17:00:35    fetch_prices.py: [OK] C:\Users\namdh\OneDrive\Desktop\krx_heatmap\data\all_stocks.json  ·  전 종목 2581개  ·  2026-06-15
2026-06-15 17:00:35    build_sectors.py:      Tier2 3개 · Tier1 15개
2026-06-15 17:00:35    뉴스 최신(2h 이내) — 수집 생략
2026-06-15 17:00:40    fetch_market.py: market_indicators.json 저장: 6개
2026-06-15 17:00:40    build_site.py:      페이지: index + 6 + style.css + robots + sitemap
2026-06-15 17:00:41    push_kv.py: [push_kv] KV 업로드 OK (62544 bytes, http 200)
2026-06-15 17:00:41  === update 완료 ===
2026-06-15 17:30:01  === update 시작 ===
2026-06-15 17:30:35    fetch_prices.py: [OK] C:\Users\namdh\OneDrive\Desktop\krx_heatmap\data\all_stocks.json  ·  전 종목 2581개  ·  2026-06-15
2026-06-15 17:30:35    build_sectors.py:      Tier2 3개 · Tier1 15개
2026-06-15 17:30:35    뉴스 최신(2h 이내) — 수집 생략
2026-06-15 17:30:40    fetch_market.py: market_indicators.json 저장: 6개
2026-06-15 17:30:40    build_site.py:      페이지: index + 6 + style.css + robots + sitemap
2026-06-15 17:30:41    push_kv.py: [push_kv] KV 업로드 OK (62544 bytes, http 200)
2026-06-15 17:30:41  === update 완료 ===
2026-06-15 18:00:01  === update 시작 ===
